<testsuites id="" name="" tests="24" failures="0" skipped="1" errors="0" time="33.924113">
<testsuite name="actions.spec.ts" timestamp="2026-06-29T10:40:34.703Z" hostname="chromium" tests="2" failures="0" skipped="0" time="12.839" errors="0">
<testcase name="Ask fields action" classname="actions.spec.ts" time="5.671">
<properties>
<property name="feature" value="Ask fields custom action">
</property>
</properties>
</testcase>
<testcase name="Create action and transition state A to B" classname="actions.spec.ts" time="7.168">
<properties>
<property name="feature" value="State transition Go to B and Back to A">
</property>
</properties>
</testcase>
</testsuite>
<testsuite name="forms.spec.ts" timestamp="2026-06-29T10:40:34.703Z" hostname="chromium" tests="6" failures="0" skipped="0" time="39.857" errors="0">
<testcase name="FT_0097" classname="forms.spec.ts" time="6.304">
<properties>
<property name="feature" value="Text fields">
</property>
</properties>
</testcase>
<testcase name="FT_0098" classname="forms.spec.ts" time="6.953">
<properties>
<property name="feature" value="Number fields">
</property>
</properties>
</testcase>
<testcase name="FT_0099" classname="forms.spec.ts" time="8.076">
<properties>
<property name="feature" value="Date/Time fields">
</property>
</properties>
</testcase>
<testcase name="FT_0100" classname="forms.spec.ts" time="5.822">
<properties>
<property name="feature" value="Enum fields">
</property>
</properties>
</testcase>
<testcase name="FT_0101" classname="forms.spec.ts" time="7.064">
<properties>
<property name="feature" value="File fields">
</property>
</properties>
</testcase>
<testcase name="FT_0102" classname="forms.spec.ts" time="5.638">
<properties>
<property name="feature" value="Special fields">
</property>
</properties>
</testcase>
</testsuite>
<testsuite name="links.spec.ts" timestamp="2026-06-29T10:40:34.703Z" hostname="chromium" tests="3" failures="0" skipped="0" time="8.522" errors="0">
<testcase name="FT_0104" classname="links.spec.ts" time="2.246">
<properties>
<property name="feature" value="Panel links: creates a parent form, saves it, then adds a child to the linked panel and verifies the child row appears.">
</property>
</properties>
</testcase>
<testcase name="FT_0107" classname="links.spec.ts" time="4.373">
<properties>
<property name="feature" value="M2M Association: creates two child items, then a parent item, associates the children via the association panel, and verifies both rows appear in the panel.">
</property>
</properties>
</testcase>
<testcase name="FT_0103" classname="links.spec.ts" time="1.903">
<properties>
<property name="feature" value="Creates a parent with an inlined child object, fills parent and child fields, saves, and verifies parent description is updated by child hooks.">
</property>
</properties>
</testcase>
</testsuite>
<testsuite name="lists.spec.ts" timestamp="2026-06-29T10:40:34.703Z" hostname="chromium" tests="8" failures="0" skipped="0" time="31.375" errors="0">
<testcase name="FT_0022" classname="lists.spec.ts" time="4.281">
<properties>
<property name="feature" value="Multi-column ordering">
</property>
</properties>
</testcase>
<testcase name="FT_0025" classname="lists.spec.ts" time="10.521">
<properties>
<property name="feature" value="List preferences">
</property>
</properties>
</testcase>
<testcase name="CHG_00092" classname="lists.spec.ts" time="2.105">
<properties>
<property name="feature" value="Context menu on lists">
</property>
</properties>
</testcase>
<testcase name="CHG_00074" classname="lists.spec.ts" time="3.134">
<properties>
<property name="feature" value="Quick list ordering">
</property>
</properties>
</testcase>
<testcase name="FT_0095" classname="lists.spec.ts" time="2.054">
<properties>
<property name="feature" value="Create on list">
</property>
</properties>
</testcase>
<testcase name="FT_0096" classname="lists.spec.ts" time="2.512">
<properties>
<property name="feature" value="Update on list">
</property>
</properties>
</testcase>
<testcase name="FT_0111" classname="lists.spec.ts" time="3.926">
<properties>
<property name="feature" value="Search dialog">
</property>
</properties>
</testcase>
<testcase name="FT_0024" classname="lists.spec.ts" time="2.842">
<properties>
<property name="feature" value="List search">
</property>
</properties>
</testcase>
</testsuite>
<testsuite name="misc.spec.ts" timestamp="2026-06-29T10:40:34.703Z" hostname="chromium" tests="1" failures="0" skipped="1" time="0" errors="0">
<testcase name="CHG_00075" classname="misc.spec.ts" time="0">
<properties>
<property name="feature" value="User onboarding">
</property>
<property name="skip" value="">
</property>
</properties>
<skipped>
</skipped>
</testcase>
</testsuite>
<testsuite name="publications.spec.ts" timestamp="2026-06-29T10:40:34.703Z" hostname="chromium" tests="1" failures="0" skipped="0" time="3.484" errors="0">
<testcase name="Publications HTML to PDF" classname="publications.spec.ts" time="3.484">
<properties>
<property name="feature" value="Generates PDF document from HTML on save">
</property>
</properties>
</testcase>
</testsuite>
<testsuite name="states.spec.ts" timestamp="2026-06-29T10:40:34.703Z" hostname="chromium" tests="3" failures="0" skipped="0" time="21.66" errors="0">
<testcase name="State transitions with navbar and historic panel" classname="states.spec.ts" time="6.169">
<properties>
<property name="feature" value="Creates a state item, transitions through the workflow, and verifies navbar and historic panel">
</property>
</properties>
</testcase>
<testcase name="Optional and exception state branches" classname="states.spec.ts" time="6.787">
<properties>
<property name="feature" value="Transitions through optional and exception states and verifies navbar updates">
</property>
</properties>
</testcase>
<testcase name="States trays drag and drop transitions" classname="states.spec.ts" time="8.704">
<properties>
<property name="feature" value="Uses the States trays view and drag-and-drop to transition items between columns">
</property>
</properties>
</testcase>
</testsuite>
</testsuites>