<testsuites id="" name="" tests="26" failures="0" skipped="1" errors="0" time="64.963439">
<testsuite name="actions.spec.ts" timestamp="2026-07-16T11:57:26.589Z" hostname="chromium" tests="2" failures="0" skipped="0" time="17.232" errors="0">
<testcase name="FT_0125" classname="actions.spec.ts" time="7.568">
<properties>
<property name="feature" value="Ask fields custom action">
</property>
</properties>
</testcase>
<testcase name="FT_0182" classname="actions.spec.ts" time="9.664">
<properties>
<property name="feature" value="State transition Go to B and Back to A">
</property>
</properties>
</testcase>
</testsuite>
<testsuite name="forms.spec.ts" timestamp="2026-07-16T11:57:26.589Z" hostname="chromium" tests="6" failures="0" skipped="0" time="64.165" errors="0">
<testcase name="FT_0097" classname="forms.spec.ts" time="8.331">
<properties>
<property name="feature" value="Text fields">
</property>
</properties>
</testcase>
<testcase name="FT_0098" classname="forms.spec.ts" time="12.769">
<properties>
<property name="feature" value="Number fields">
</property>
</properties>
</testcase>
<testcase name="FT_0099" classname="forms.spec.ts" time="16.531">
<properties>
<property name="feature" value="Date/Time fields">
</property>
</properties>
</testcase>
<testcase name="FT_0100" classname="forms.spec.ts" time="9.891">
<properties>
<property name="feature" value="Enum fields">
</property>
</properties>
</testcase>
<testcase name="FT_0101" classname="forms.spec.ts" time="8.412">
<properties>
<property name="feature" value="File fields">
</property>
</properties>
</testcase>
<testcase name="FT_0102" classname="forms.spec.ts" time="8.231">
<properties>
<property name="feature" value="Special fields">
</property>
</properties>
</testcase>
</testsuite>
<testsuite name="history.spec.ts" timestamp="2026-07-16T11:57:26.589Z" hostname="chromium" tests="1" failures="0" skipped="0" time="9.514" errors="0">
<testcase name="FT_0187" classname="history.spec.ts" time="9.514">
<properties>
<property name="feature" value="Creates a History item and verifies Historic and Change log panels after create and field updates">
</property>
</properties>
</testcase>
</testsuite>
<testsuite name="links.spec.ts" timestamp="2026-07-16T11:57:26.589Z" hostname="chromium" tests="3" failures="0" skipped="0" time="11.37" errors="0">
<testcase name="FT_0104" classname="links.spec.ts" time="3.092">
<properties>
<property name="feature" value="Panel links: creates a parent form, saves it, then adds a child to the linked panel and verifies the child row appears.">
</property>
</properties>
</testcase>
<testcase name="FT_0107" classname="links.spec.ts" time="5.336">
<properties>
<property name="feature" value="M2M Association: creates two child items, then a parent item, associates the children via the association panel, and verifies both rows appear in the panel.">
</property>
</properties>
</testcase>
<testcase name="FT_0103" classname="links.spec.ts" time="2.942">
<properties>
<property name="feature" value="Creates a parent with an inlined child object, fills parent and child fields, saves, and verifies parent description is updated by child hooks.">
</property>
</properties>
</testcase>
</testsuite>
<testsuite name="lists.spec.ts" timestamp="2026-07-16T11:57:26.589Z" hostname="chromium" tests="8" failures="0" skipped="0" time="35.595" errors="0">
<testcase name="FT_0022" classname="lists.spec.ts" time="4.734">
<properties>
<property name="feature" value="Multi-column ordering">
</property>
</properties>
</testcase>
<testcase name="FT_0025" classname="lists.spec.ts" time="10.46">
<properties>
<property name="feature" value="List preferences">
</property>
</properties>
</testcase>
<testcase name="CHG_00092" classname="lists.spec.ts" time="2.405">
<properties>
<property name="feature" value="Context menu on lists">
</property>
</properties>
</testcase>
<testcase name="CHG_00074" classname="lists.spec.ts" time="3.683">
<properties>
<property name="feature" value="Quick list ordering">
</property>
</properties>
</testcase>
<testcase name="FT_0095" classname="lists.spec.ts" time="2.441">
<properties>
<property name="feature" value="Create on list">
</property>
</properties>
</testcase>
<testcase name="FT_0096" classname="lists.spec.ts" time="3.084">
<properties>
<property name="feature" value="Update on list">
</property>
</properties>
</testcase>
<testcase name="FT_0111" classname="lists.spec.ts" time="4.693">
<properties>
<property name="feature" value="Search dialog">
</property>
</properties>
</testcase>
<testcase name="FT_0024" classname="lists.spec.ts" time="4.095">
<properties>
<property name="feature" value="List search">
</property>
</properties>
</testcase>
</testsuite>
<testsuite name="misc.spec.ts" timestamp="2026-07-16T11:57:26.589Z" hostname="chromium" tests="1" failures="0" skipped="1" time="0" errors="0">
<testcase name="CHG_00075" classname="misc.spec.ts" time="0">
<properties>
<property name="feature" value="User onboarding">
</property>
<property name="skip" value="">
</property>
</properties>
<skipped>
</skipped>
</testcase>
</testsuite>
<testsuite name="notifications.spec.ts" timestamp="2026-07-16T11:57:26.589Z" hostname="chromium" tests="1" failures="0" skipped="0" time="4.574" errors="0">
<testcase name="FT_0053" classname="notifications.spec.ts" time="4.574">
<properties>
<property name="feature" value="Internal notification">
</property>
</properties>
</testcase>
</testsuite>
<testsuite name="publications.spec.ts" timestamp="2026-07-16T11:57:26.589Z" hostname="chromium" tests="1" failures="0" skipped="0" time="7.053" errors="0">
<testcase name="FT_0186" classname="publications.spec.ts" time="7.053">
<properties>
<property name="feature" value="Generates PDF document from HTML on save">
</property>
</properties>
</testcase>
</testsuite>
<testsuite name="states.spec.ts" timestamp="2026-07-16T11:57:26.589Z" hostname="chromium" tests="3" failures="0" skipped="0" time="26.136" errors="0">
<testcase name="FT_0185" classname="states.spec.ts" time="7.047">
<properties>
<property name="feature" value="Creates a state item, transitions through the workflow, and verifies navbar and historic panel">
</property>
</properties>
</testcase>
<testcase name="FT_0184" classname="states.spec.ts" time="7.615">
<properties>
<property name="feature" value="Transitions through optional and exception states and verifies navbar updates">
</property>
</properties>
</testcase>
<testcase name="FT_0183" classname="states.spec.ts" time="11.474">
<properties>
<property name="feature" value="Uses the States trays view and drag-and-drop to transition items between columns">
</property>
</properties>
</testcase>
</testsuite>
</testsuites>